c:\users\akret\source\repos\sdllevels\sdllevels\debug\vc143.pdb
c:\users\akret\source\repos\sdllevels\sdllevels\debug\vc143.idb
c:\users\akret\source\repos\sdllevels\sdllevels\debug\ttfont.obj
c:\users\akret\source\repos\sdllevels\sdllevels\debug\timing.obj
c:\users\akret\source\repos\sdllevels\sdllevels\debug\tgareader.obj
c:\users\akret\source\repos\sdllevels\sdllevels\debug\texture.obj
c:\users\akret\source\repos\sdllevels\sdllevels\debug\stackallocator.obj
c:\users\akret\source\repos\sdllevels\sdllevels\debug\spritesheet.obj
c:\users\akret\source\repos\sdllevels\sdllevels\debug\spriteanim.obj
c:\users\akret\source\repos\sdllevels\sdllevels\debug\sdllevels.obj
c:\users\akret\source\repos\sdllevels\sdllevels\debug\resource.obj
c:\users\akret\source\repos\sdllevels\sdllevels\debug\renderer.obj
c:\users\akret\source\repos\sdllevels\sdllevels\debug\gamecontroller.obj
c:\users\akret\source\repos\sdllevels\sdllevels\debug\filecontroller.obj
c:\users\akret\source\repos\sdllevels\sdllevels\debug\assetcontroller.obj
c:\users\akret\source\repos\sdllevels\sdllevels\debug\asset.obj
c:\users\akret\source\repos\sdllevels\debug\sdllevels.exe
c:\users\akret\source\repos\sdllevels\debug\sdllevels.pdb
c:\users\akret\source\repos\sdllevels\sdllevels\debug\sdllevels.ilk
c:\users\akret\source\repos\sdllevels - copy (2)\sdllevels\debug\asset.obj
c:\users\akret\source\repos\sdllevels - copy (2)\sdllevels\debug\assetcontroller.obj
c:\users\akret\source\repos\sdllevels - copy (2)\sdllevels\debug\filecontroller.obj
c:\users\akret\source\repos\sdllevels - copy (2)\sdllevels\debug\gamecontroller.obj
c:\users\akret\source\repos\sdllevels - copy (2)\sdllevels\debug\renderer.obj
c:\users\akret\source\repos\sdllevels - copy (2)\sdllevels\debug\resource.obj
c:\users\akret\source\repos\sdllevels - copy (2)\sdllevels\debug\sdllevels.obj
c:\users\akret\source\repos\sdllevels - copy (2)\sdllevels\debug\spriteanim.obj
c:\users\akret\source\repos\sdllevels - copy (2)\sdllevels\debug\spritesheet.obj
c:\users\akret\source\repos\sdllevels - copy (2)\sdllevels\debug\stackallocator.obj
c:\users\akret\source\repos\sdllevels - copy (2)\sdllevels\debug\texture.obj
c:\users\akret\source\repos\sdllevels - copy (2)\sdllevels\debug\tgareader.obj
c:\users\akret\source\repos\sdllevels - copy (2)\sdllevels\debug\timing.obj
c:\users\akret\source\repos\sdllevels - copy (2)\sdllevels\debug\ttfont.obj
c:\users\akret\source\repos\sdllevels - copy (2)\sdllevels\debug\sdllevels.ilk
c:\users\akret\source\repos\sdllevels - copy (2)\sdllevels\debug\vc143.idb
c:\users\akret\source\repos\sdllevels - copy (2)\sdllevels\debug\vc143.pdb
c:\users\akret\source\repos\sdllevels - copy (2)\debug\sdllevels.pdb
c:\users\akret\source\repos\sdllevels - copy (2)\debug\sdllevels.exe
c:\users\akret\source\repos\sdllevels - copy (2)\sdllevels\debug\sdllevels.tlog\cl.command.1.tlog
c:\users\akret\source\repos\sdllevels - copy (2)\sdllevels\debug\sdllevels.tlog\cl.items.tlog
c:\users\akret\source\repos\sdllevels - copy (2)\sdllevels\debug\sdllevels.tlog\cl.read.1.tlog
c:\users\akret\source\repos\sdllevels - copy (2)\sdllevels\debug\sdllevels.tlog\cl.write.1.tlog
c:\users\akret\source\repos\sdllevels - copy (2)\sdllevels\debug\sdllevels.tlog\link.command.1.tlog
c:\users\akret\source\repos\sdllevels - copy (2)\sdllevels\debug\sdllevels.tlog\link.read.1.tlog
c:\users\akret\source\repos\sdllevels - copy (2)\sdllevels\debug\sdllevels.tlog\link.secondary.1.tlog
c:\users\akret\source\repos\sdllevels - copy (2)\sdllevels\debug\sdllevels.tlog\link.write.1.tlog
